<?xml version="1.0" encoding="UTF-8"?>
<!-- Generated by org.testng.reporters.JUnitXMLReporter -->
<testsuite ignored="0" hostname="LAPTOP-EPKLMB8O" failures="1" tests="3" name="Test" time="134.526" errors="0" timestamp="2026-03-25T16:03:28 IST">
  <testcase classname="package1.MediKartProject.TC_5Searching_WishList_Cart_QuantityAddDelete_Proceed" name="search" time="11.562">
    <skipped/>
  </testcase> <!-- search -->
  <testcase classname="package1.MediKartProject.TC_5Searching_WishList_Cart_QuantityAddDelete_Proceed" name="search" time="48.037">
    <skipped/>
  </testcase> <!-- search -->
  <testcase classname="package1.MediKartProject.TC_5Searching_WishList_Cart_QuantityAddDelete_Proceed" name="search" time="11.573">
    <failure type="org.openqa.selenium.ElementClickInterceptedException" message="element click intercepted: Element is not clickable at point (1077, -75)
  (Session info: chrome=146.0.7680.154)
Build info: version: &amp;apos;4.40.0&amp;apos;, revision: &amp;apos;b3333f1&amp;apos;
System info: os.name: &amp;apos;Windows 11&amp;apos;, os.arch: &amp;apos;amd64&amp;apos;, os.version: &amp;apos;10.0&amp;apos;, java.version: &amp;apos;21.0.8&amp;apos;
Driver info: org.openqa.selenium.chrome.ChromeDriver
Command: [d1002bc246a302bdc60f1aa1972c8572, clickElement {id=f.AC42265B4D71FF0D71CEC60D944EC71B.d.0201AA373F3055B5CEAC32B08D0DEF32.e.263}]
Capabilities {acceptInsecureCerts: false, browserName: chrome, browserVersion: 146.0.7680.154, chrome: {chromedriverVersion: 146.0.7680.165 (4b989da09e1..., userDataDir: C:\Users\prabh\AppData\Loca...}, fedcm:accounts: true, goog:chromeOptions: {debuggerAddress: localhost:64971}, goog:processID: 12928, networkConnectionEnabled: false, pageLoadStrategy: normal, platformName: windows, proxy: Proxy(), se:cdp: ws://localhost:64971/devtoo..., se:cdpVersion: 146.0.7680.154, setWindowRect: true, strictFileInteractability: false, timeouts: {implicit: 0, pageLoad: 300000, script: 30000}, unhandledPromptBehavior: dismiss and notify, webauthn:extension:credBlob: true, webauthn:extension:largeBlob: true, webauthn:extension:minPinLength: true, webauthn:extension:prf: true, webauthn:virtualAuthenticators: true}
Element: [[ChromeDriver: chrome on windows (d1002bc246a302bdc60f1aa1972c8572)] -&amp;gt; xpath: //div[@class=&amp;apos;wd-header-wishlist wd-tools-element wd-style-icon wd-design-7 whb-itc82qyu9f3s0tscappq&amp;apos;]]
Session ID: d1002bc246a302bdc60f1aa1972c8572">
      <![CDATA[org.openqa.selenium.ElementClickInterceptedException: element click intercepted: Element is not clickable at point (1077, -75)
  (Session info: chrome=146.0.7680.154)
Build info: version: '4.40.0', revision: 'b3333f1'
System info: os.name: 'Windows 11', os.arch: 'amd64', os.version: '10.0', java.version: '21.0.8'
Driver info: org.openqa.selenium.chrome.ChromeDriver
Command: [d1002bc246a302bdc60f1aa1972c8572, clickElement {id=f.AC42265B4D71FF0D71CEC60D944EC71B.d.0201AA373F3055B5CEAC32B08D0DEF32.e.263}]
Capabilities {acceptInsecureCerts: false, browserName: chrome, browserVersion: 146.0.7680.154, chrome: {chromedriverVersion: 146.0.7680.165 (4b989da09e1..., userDataDir: C:\Users\prabh\AppData\Loca...}, fedcm:accounts: true, goog:chromeOptions: {debuggerAddress: localhost:64971}, goog:processID: 12928, networkConnectionEnabled: false, pageLoadStrategy: normal, platformName: windows, proxy: Proxy(), se:cdp: ws://localhost:64971/devtoo..., se:cdpVersion: 146.0.7680.154, setWindowRect: true, strictFileInteractability: false, timeouts: {implicit: 0, pageLoad: 300000, script: 30000}, unhandledPromptBehavior: dismiss and notify, webauthn:extension:credBlob: true, webauthn:extension:largeBlob: true, webauthn:extension:minPinLength: true, webauthn:extension:prf: true, webauthn:virtualAuthenticators: true}
Element: [[ChromeDriver: chrome on windows (d1002bc246a302bdc60f1aa1972c8572)] -> xpath: //div[@class='wd-header-wishlist wd-tools-element wd-style-icon wd-design-7 whb-itc82qyu9f3s0tscappq']]
Session ID: d1002bc246a302bdc60f1aa1972c8572
at org.openqa.selenium.remote.ErrorCodec.decode(ErrorCodec.java:169)
at org.openqa.selenium.remote.codec.w3c.W3CHttpResponseCodec.decode(W3CHttpResponseCodec.java:142)
at org.openqa.selenium.remote.codec.w3c.W3CHttpResponseCodec.decode(W3CHttpResponseCodec.java:49)
at org.openqa.selenium.remote.HttpCommandExecutor.execute(HttpCommandExecutor.java:223)
at org.openqa.selenium.remote.service.DriverCommandExecutor.invokeExecute(DriverCommandExecutor.java:216)
at org.openqa.selenium.remote.service.DriverCommandExecutor.execute(DriverCommandExecutor.java:174)
at org.openqa.selenium.remote.RemoteWebDriver.execute(RemoteWebDriver.java:601)
at org.openqa.selenium.remote.RemoteWebElement.execute(RemoteWebElement.java:223)
at org.openqa.selenium.remote.RemoteWebElement.click(RemoteWebElement.java:76)
at org.openqa.selenium.support.pagefactory.internal.LocatingElementHandler.invoke(LocatingElementHandler.java:51)
at jdk.proxy2/jdk.proxy2.$Proxy12.click(Unknown Source)
at package1.MediKartProject.SearchResultPage.wishListButtonClick(SearchResultPage.java:47)
at package1.MediKartProject.TC_5Searching_WishList_Cart_QuantityAddDelete_Proceed.search(TC_5Searching_WishList_Cart_QuantityAddDelete_Proceed.java:27)
at java.base/java.util.ArrayList.forEach(ArrayList.java:1596)
... Removed 31 stack frames]]>
    </failure>
  </testcase> <!-- search -->
</testsuite> <!-- Test -->
