<?xml version="1.0" encoding="UTF-8"?>
<!-- Generated by org.testng.reporters.JUnitXMLReporter -->
<testsuite ignored="0" hostname="LAPTOP-EPKLMB8O" failures="0" tests="5" name="Test" time="89.822" errors="0" timestamp="2026-03-25T11:55:06 IST">
  <testcase classname="package1.MediKartProject.TC_1SearchingOfAProduct" name="search" time="3.936"/>
  <testcase classname="package1.MediKartProject.TC_2AddToCart" name="search" time="9.047"/>
  <testcase classname="package1.MediKartProject.TC_3Searching_WishList" name="search" time="12.1"/>
  <testcase classname="package1.MediKartProject.TC_4Searching_WishList_Cart" name="search" time="13.503"/>
  <testcase classname="package1.MediKartProject.TC_5Searching_WishList_Cart_QuantityAddDelete_Proceed" name="search" time="22.488"/>
</testsuite> <!-- Test -->
