<?xml version="1.0" encoding="UTF-8"?>
<testng-results ignored="0" total="5" passed="5" failed="0" skipped="0">
  <reporter-output>
    <line>
      <![CDATA[Browser Luanched successfully]]>
    </line>
    <line>
      <![CDATA[Nebulizer product was searched successfully]]>
    </line>
    <line>
      <![CDATA[TestCase with Assertion passed]]>
    </line>
    <line>
      <![CDATA[Browser Luanched successfully]]>
    </line>
    <line>
      <![CDATA[Nebulizer product was searched successfully]]>
    </line>
    <line>
      <![CDATA[Clicking on first result is successful]]>
    </line>
    <line>
      <![CDATA[Product added to cart is successful]]>
    </line>
    <line>
      <![CDATA[TestCase2 passed with assertion]]>
    </line>
    <line>
      <![CDATA[Browser Luanched successfully]]>
    </line>
    <line>
      <![CDATA[Nebulizer product was searched successfully]]>
    </line>
    <line>
      <![CDATA[Clicking on first result is successful]]>
    </line>
    <line>
      <![CDATA[Wishlist click is successful]]>
    </line>
    <line>
      <![CDATA[Wishlist button click is successful and moved to wishlist page]]>
    </line>
    <line>
      <![CDATA[TestCase with Assertion is pass]]>
    </line>
    <line>
      <![CDATA[Browser Luanched successfully]]>
    </line>
    <line>
      <![CDATA[Nebulizer product was searched successfully]]>
    </line>
    <line>
      <![CDATA[Clicking on first result is successful]]>
    </line>
    <line>
      <![CDATA[Wishlist click is successful]]>
    </line>
    <line>
      <![CDATA[Wishlist button click is successful and moved to wishlist page]]>
    </line>
    <line>
      <![CDATA[Cart adding is successful]]>
    </line>
    <line>
      <![CDATA[TestCase4 passed with assertion]]>
    </line>
    <line>
      <![CDATA[Browser Luanched successfully]]>
    </line>
    <line>
      <![CDATA[Nebulizer product was searched successfully]]>
    </line>
    <line>
      <![CDATA[Clicking on first result is successful]]>
    </line>
    <line>
      <![CDATA[Wishlist click is successful]]>
    </line>
    <line>
      <![CDATA[Wishlist button click is successful and moved to wishlist page]]>
    </line>
    <line>
      <![CDATA[Cart adding is successful]]>
    </line>
    <line>
      <![CDATA[Quantity increase is successful]]>
    </line>
    <line>
      <![CDATA[Quantity decrease is successful]]>
    </line>
    <line>
      <![CDATA[Proceed To checkout button click is successful]]>
    </line>
    <line>
      <![CDATA[TestCase5 passed with assertion]]>
    </line>
  </reporter-output>
  <suite started-at="2026-03-25T11:53:36 IST" name="Suite" finished-at="2026-03-25T11:55:06 IST" duration-ms="89822">
    <groups>
    </groups>
    <test started-at="2026-03-25T11:53:36 IST" name="Test" finished-at="2026-03-25T11:55:06 IST" duration-ms="89822">
      <class name="package1.MediKartProject.TC_3Searching_WishList">
        <test-method is-config="true" signature="browserLaunch(java.lang.String)[pri:0, instance:package1.MediKartProject.TC_3Searching_WishList@245b4bdc]" started-at="2026-03-25T11:54:00 IST" name="browserLaunch" finished-at="2026-03-25T11:54:07 IST" duration-ms="6819" status="PASS">
          <params>
            <param index="0">
              <value>
                <![CDATA[Edge]]>
              </value>
            </param>
          </params>
          <reporter-output>
          </reporter-output>
        </test-method> <!-- browserLaunch -->
        <test-method signature="search()[pri:0, instance:package1.MediKartProject.TC_3Searching_WishList@245b4bdc]" started-at="2026-03-25T11:54:07 IST" name="search" finished-at="2026-03-25T11:54:19 IST" duration-ms="12100" status="PASS">
          <reporter-output>
            <line>
              <![CDATA[Browser Luanched successfully]]>
            </line>
            <line>
              <![CDATA[Nebulizer product was searched successfully]]>
            </line>
            <line>
              <![CDATA[Clicking on first result is successful]]>
            </line>
            <line>
              <![CDATA[Wishlist click is successful]]>
            </line>
            <line>
              <![CDATA[Wishlist button click is successful and moved to wishlist page]]>
            </line>
            <line>
              <![CDATA[TestCase with Assertion is pass]]>
            </line>
          </reporter-output>
        </test-method> <!-- search -->
        <test-method is-config="true" signature="closeBrowser()[pri:0, instance:package1.MediKartProject.TC_3Searching_WishList@245b4bdc]" started-at="2026-03-25T11:54:19 IST" name="closeBrowser" finished-at="2026-03-25T11:54:19 IST" duration-ms="233" status="PASS">
          <reporter-output>
          </reporter-output>
        </test-method> <!-- closeBrowser -->
      </class> <!-- package1.MediKartProject.TC_3Searching_WishList -->
      <class name="package1.MediKartProject.TC_2AddToCart">
        <test-method is-config="true" signature="browserLaunch(java.lang.String)[pri:0, instance:package1.MediKartProject.TC_2AddToCart@dd8ba08]" started-at="2026-03-25T11:53:46 IST" name="browserLaunch" finished-at="2026-03-25T11:53:50 IST" duration-ms="4111" status="PASS">
          <params>
            <param index="0">
              <value>
                <![CDATA[Edge]]>
              </value>
            </param>
          </params>
          <reporter-output>
          </reporter-output>
        </test-method> <!-- browserLaunch -->
        <test-method signature="search()[pri:0, instance:package1.MediKartProject.TC_2AddToCart@dd8ba08]" started-at="2026-03-25T11:53:50 IST" name="search" finished-at="2026-03-25T11:53:59 IST" duration-ms="9047" status="PASS">
          <reporter-output>
            <line>
              <![CDATA[Browser Luanched successfully]]>
            </line>
            <line>
              <![CDATA[Nebulizer product was searched successfully]]>
            </line>
            <line>
              <![CDATA[Clicking on first result is successful]]>
            </line>
            <line>
              <![CDATA[Product added to cart is successful]]>
            </line>
            <line>
              <![CDATA[TestCase2 passed with assertion]]>
            </line>
          </reporter-output>
        </test-method> <!-- search -->
        <test-method is-config="true" signature="closeBrowser()[pri:0, instance:package1.MediKartProject.TC_2AddToCart@dd8ba08]" started-at="2026-03-25T11:54:00 IST" name="closeBrowser" finished-at="2026-03-25T11:54:00 IST" duration-ms="269" status="PASS">
          <reporter-output>
          </reporter-output>
        </test-method> <!-- closeBrowser -->
      </class> <!-- package1.MediKartProject.TC_2AddToCart -->
      <class name="package1.MediKartProject.TC_1SearchingOfAProduct">
        <test-method is-config="true" signature="browserLaunch(java.lang.String)[pri:0, instance:package1.MediKartProject.TC_1SearchingOfAProduct@6e171cd7]" started-at="2026-03-25T11:53:36 IST" name="browserLaunch" finished-at="2026-03-25T11:53:42 IST" duration-ms="5696" status="PASS">
          <params>
            <param index="0">
              <value>
                <![CDATA[Edge]]>
              </value>
            </param>
          </params>
          <reporter-output>
          </reporter-output>
        </test-method> <!-- browserLaunch -->
        <test-method signature="search()[pri:0, instance:package1.MediKartProject.TC_1SearchingOfAProduct@6e171cd7]" started-at="2026-03-25T11:53:42 IST" name="search" finished-at="2026-03-25T11:53:45 IST" duration-ms="3936" status="PASS">
          <reporter-output>
            <line>
              <![CDATA[Browser Luanched successfully]]>
            </line>
            <line>
              <![CDATA[Nebulizer product was searched successfully]]>
            </line>
            <line>
              <![CDATA[TestCase with Assertion passed]]>
            </line>
          </reporter-output>
        </test-method> <!-- search -->
        <test-method is-config="true" signature="closeBrowser()[pri:0, instance:package1.MediKartProject.TC_1SearchingOfAProduct@6e171cd7]" started-at="2026-03-25T11:53:46 IST" name="closeBrowser" finished-at="2026-03-25T11:53:46 IST" duration-ms="269" status="PASS">
          <reporter-output>
          </reporter-output>
        </test-method> <!-- closeBrowser -->
      </class> <!-- package1.MediKartProject.TC_1SearchingOfAProduct -->
      <class name="package1.MediKartProject.TC_5Searching_WishList_Cart_QuantityAddDelete_Proceed">
        <test-method is-config="true" signature="browserLaunch(java.lang.String)[pri:0, instance:package1.MediKartProject.TC_5Searching_WishList_Cart_QuantityAddDelete_Proceed@6ae5aa72]" started-at="2026-03-25T11:54:38 IST" name="browserLaunch" finished-at="2026-03-25T11:54:43 IST" duration-ms="4548" status="PASS">
          <params>
            <param index="0">
              <value>
                <![CDATA[Edge]]>
              </value>
            </param>
          </params>
          <reporter-output>
          </reporter-output>
        </test-method> <!-- browserLaunch -->
        <test-method signature="search()[pri:0, instance:package1.MediKartProject.TC_5Searching_WishList_Cart_QuantityAddDelete_Proceed@6ae5aa72]" started-at="2026-03-25T11:54:43 IST" name="search" finished-at="2026-03-25T11:55:05 IST" duration-ms="22488" status="PASS">
          <reporter-output>
            <line>
              <![CDATA[Browser Luanched successfully]]>
            </line>
            <line>
              <![CDATA[Nebulizer product was searched successfully]]>
            </line>
            <line>
              <![CDATA[Clicking on first result is successful]]>
            </line>
            <line>
              <![CDATA[Wishlist click is successful]]>
            </line>
            <line>
              <![CDATA[Wishlist button click is successful and moved to wishlist page]]>
            </line>
            <line>
              <![CDATA[Cart adding is successful]]>
            </line>
            <line>
              <![CDATA[Quantity increase is successful]]>
            </line>
            <line>
              <![CDATA[Quantity decrease is successful]]>
            </line>
            <line>
              <![CDATA[Proceed To checkout button click is successful]]>
            </line>
            <line>
              <![CDATA[TestCase5 passed with assertion]]>
            </line>
          </reporter-output>
        </test-method> <!-- search -->
        <test-method is-config="true" signature="closeBrowser()[pri:0, instance:package1.MediKartProject.TC_5Searching_WishList_Cart_QuantityAddDelete_Proceed@6ae5aa72]" started-at="2026-03-25T11:55:05 IST" name="closeBrowser" finished-at="2026-03-25T11:55:06 IST" duration-ms="298" status="PASS">
          <reporter-output>
          </reporter-output>
        </test-method> <!-- closeBrowser -->
      </class> <!-- package1.MediKartProject.TC_5Searching_WishList_Cart_QuantityAddDelete_Proceed -->
      <class name="package1.MediKartProject.TC_4Searching_WishList_Cart">
        <test-method is-config="true" signature="browserLaunch(java.lang.String)[pri:0, instance:package1.MediKartProject.TC_4Searching_WishList_Cart@6c64cb25]" started-at="2026-03-25T11:54:19 IST" name="browserLaunch" finished-at="2026-03-25T11:54:24 IST" duration-ms="4456" status="PASS">
          <params>
            <param index="0">
              <value>
                <![CDATA[Edge]]>
              </value>
            </param>
          </params>
          <reporter-output>
          </reporter-output>
        </test-method> <!-- browserLaunch -->
        <test-method signature="search()[pri:0, instance:package1.MediKartProject.TC_4Searching_WishList_Cart@6c64cb25]" started-at="2026-03-25T11:54:24 IST" name="search" finished-at="2026-03-25T11:54:37 IST" duration-ms="13503" status="PASS">
          <reporter-output>
            <line>
              <![CDATA[Browser Luanched successfully]]>
            </line>
            <line>
              <![CDATA[Nebulizer product was searched successfully]]>
            </line>
            <line>
              <![CDATA[Clicking on first result is successful]]>
            </line>
            <line>
              <![CDATA[Wishlist click is successful]]>
            </line>
            <line>
              <![CDATA[Wishlist button click is successful and moved to wishlist page]]>
            </line>
            <line>
              <![CDATA[Cart adding is successful]]>
            </line>
            <line>
              <![CDATA[TestCase4 passed with assertion]]>
            </line>
          </reporter-output>
        </test-method> <!-- search -->
        <test-method is-config="true" signature="closeBrowser()[pri:0, instance:package1.MediKartProject.TC_4Searching_WishList_Cart@6c64cb25]" started-at="2026-03-25T11:54:38 IST" name="closeBrowser" finished-at="2026-03-25T11:54:38 IST" duration-ms="332" status="PASS">
          <reporter-output>
          </reporter-output>
        </test-method> <!-- closeBrowser -->
      </class> <!-- package1.MediKartProject.TC_4Searching_WishList_Cart -->
    </test> <!-- Test -->
  </suite> <!-- Suite -->
</testng-results>
