<?xml version="1.0" encoding="UTF-8"?>
<testsuite xmlns:xsi="http://www.w3.org/2001/XMLSchema-instance" xsi:noNamespaceSchemaLocation="https://maven.apache.org/surefire/maven-surefire-plugin/xsd/surefire-test-report.xsd" version="3.0.2" name="TestSuite" time="90.42" tests="5" errors="0" skipped="0" failures="0">
  <properties>
[...]
</properties>
  <testcase name="search" classname="package1.MediKartProject.TC_1SearchingOfAProduct" time="3.932">
    <system-err><![CDATA[SLF4J: Failed to load class "org.slf4j.impl.StaticLoggerBinder".
SLF4J: Defaulting to no-operation (NOP) logger implementation
SLF4J: See http://www.slf4j.org/codes.html#StaticLoggerBinder for further details.
Mar 25, 2026 11:53:38 AM org.openqa.selenium.devtools.CdpVersionFinder findNearestMatch
WARNING: Unable to find an exact match for CDP version 146, returning the closest version; found: 144; Please update to a Selenium version that supports CDP version 146
]]></system-err>
  </testcase>
  <testcase name="search" classname="package1.MediKartProject.TC_2AddToCart" time="9.052">
    <system-err><![CDATA[Mar 25, 2026 11:53:47 AM org.openqa.selenium.devtools.CdpVersionFinder findNearestMatch
WARNING: Unable to find an exact match for CDP version 146, returning the closest version; found: 144; Please update to a Selenium version that supports CDP version 146
]]></system-err>
  </testcase>
  <testcase name="search" classname="package1.MediKartProject.TC_3Searching_WishList" time="12.098">
    <system-err><![CDATA[Mar 25, 2026 11:54:01 AM org.openqa.selenium.devtools.CdpVersionFinder findNearestMatch
WARNING: Unable to find an exact match for CDP version 146, returning the closest version; found: 144; Please update to a Selenium version that supports CDP version 146
]]></system-err>
  </testcase>
  <testcase name="search" classname="package1.MediKartProject.TC_4Searching_WishList_Cart" time="13.504">
    <system-err><![CDATA[Mar 25, 2026 11:54:20 AM org.openqa.selenium.devtools.CdpVersionFinder findNearestMatch
WARNING: Unable to find an exact match for CDP version 146, returning the closest version; found: 144; Please update to a Selenium version that supports CDP version 146
]]></system-err>
  </testcase>
  <testcase name="search" classname="package1.MediKartProject.TC_5Searching_WishList_Cart_QuantityAddDelete_Proceed" time="22.486">
    <system-err><![CDATA[Mar 25, 2026 11:54:39 AM org.openqa.selenium.devtools.CdpVersionFinder findNearestMatch
WARNING: Unable to find an exact match for CDP version 146, returning the closest version; found: 144; Please update to a Selenium version that supports CDP version 146
]]></system-err>
  </testcase>
</testsuite>