<?xml version="1.0" encoding="UTF-8"?>
<testng-results ignored="0" total="5" passed="2" failed="3" skipped="0">
  <reporter-output>
    <line>
      <![CDATA[Browser Luanched successfully]]>
    </line>
    <line>
      <![CDATA[Nebulizer product was searched successfully]]>
    </line>
    <line>
      <![CDATA[Clicking on first result is successful]]>
    </line>
    <line>
      <![CDATA[Browser Luanched successfully]]>
    </line>
    <line>
      <![CDATA[Nebulizer product was searched successfully]]>
    </line>
    <line>
      <![CDATA[TestCase with Assertion passed]]>
    </line>
    <line>
      <![CDATA[Browser Luanched successfully]]>
    </line>
    <line>
      <![CDATA[Nebulizer product was searched successfully]]>
    </line>
    <line>
      <![CDATA[Clicking on first result is successful]]>
    </line>
    <line>
      <![CDATA[Product added to cart is successful]]>
    </line>
    <line>
      <![CDATA[TestCase2 passed with assertion]]>
    </line>
    <line>
      <![CDATA[Browser Luanched successfully]]>
    </line>
    <line>
      <![CDATA[Nebulizer product was searched successfully]]>
    </line>
    <line>
      <![CDATA[Clicking on first result is successful]]>
    </line>
    <line>
      <![CDATA[Wishlist click is successful]]>
    </line>
    <line>
      <![CDATA[Wishlist button click is successful and moved to wishlist page]]>
    </line>
    <line>
      <![CDATA[Cart adding is successful]]>
    </line>
    <line>
      <![CDATA[Quantity increase is successful]]>
    </line>
    <line>
      <![CDATA[Browser Luanched successfully]]>
    </line>
    <line>
      <![CDATA[Nebulizer product was searched successfully]]>
    </line>
    <line>
      <![CDATA[Clicking on first result is successful]]>
    </line>
  </reporter-output>
  <suite started-at="2026-03-25T17:51:38 IST" name="Suite" finished-at="2026-03-25T17:55:21 IST" duration-ms="222344">
    <groups>
    </groups>
    <test started-at="2026-03-25T17:51:38 IST" name="Test" finished-at="2026-03-25T17:55:21 IST" duration-ms="222344">
      <class name="package1.MediKartProject.TC_3Searching_WishList">
        <test-method is-config="true" signature="browserLaunch(java.lang.String)[pri:0, instance:package1.MediKartProject.TC_3Searching_WishList@6e171cd7]" started-at="2026-03-25T17:51:38 IST" name="browserLaunch" finished-at="2026-03-25T17:52:00 IST" duration-ms="21956" status="PASS">
          <params>
            <param index="0">
              <value>
                <![CDATA[Chrome]]>
              </value>
            </param>
          </params>
          <reporter-output>
          </reporter-output>
        </test-method> <!-- browserLaunch -->
        <test-method signature="search()[pri:0, instance:package1.MediKartProject.TC_3Searching_WishList@6e171cd7]" started-at="2026-03-25T17:52:00 IST" name="search" finished-at="2026-03-25T17:52:10 IST" duration-ms="10022" status="FAIL">
          <exception class="java.lang.IndexOutOfBoundsException">
            <message>
              <![CDATA[Index 1 out of bounds for length 0]]>
            </message>
            <full-stacktrace>
              <![CDATA[java.lang.IndexOutOfBoundsException: Index 1 out of bounds for length 0
at java.base/jdk.internal.util.Preconditions.outOfBounds(Preconditions.java:100)
at java.base/jdk.internal.util.Preconditions.outOfBoundsCheckIndex(Preconditions.java:106)
at java.base/jdk.internal.util.Preconditions.checkIndex(Preconditions.java:302)
at java.base/java.util.Objects.checkIndex(Objects.java:385)
at java.base/java.util.ArrayList.get(ArrayList.java:427)
at java.base/jdk.internal.reflect.DirectMethodHandleAccessor.invoke(DirectMethodHandleAccessor.java:103)
at java.base/java.lang.reflect.Method.invoke(Method.java:580)
at org.openqa.selenium.support.pagefactory.internal.LocatingElementListHandler.invoke(LocatingElementListHandler.java:39)
at jdk.proxy2/jdk.proxy2.$Proxy13.get(Unknown Source)
at package1.MediKartProject.SearchResultPage.wishListIconsClick(SearchResultPage.java:40)
at package1.MediKartProject.TC_3Searching_WishList.search(TC_3Searching_WishList.java:28)
at java.base/jdk.internal.reflect.DirectMethodHandleAccessor.invoke(DirectMethodHandleAccessor.java:103)
at java.base/java.lang.reflect.Method.invoke(Method.java:580)
at org.testng.internal.invokers.MethodInvocationHelper.invokeMethod(MethodInvocationHelper.java:141)
at org.testng.internal.invokers.TestInvoker.invokeMethod(TestInvoker.java:686)
at org.testng.internal.invokers.TestInvoker.invokeTestMethod(TestInvoker.java:230)
at org.testng.internal.invokers.MethodRunner.runInSequence(MethodRunner.java:63)
at org.testng.internal.invokers.TestInvoker$MethodInvocationAgent.invoke(TestInvoker.java:992)
at org.testng.internal.invokers.TestInvoker.invokeTestMethods(TestInvoker.java:203)
at org.testng.internal.invokers.TestMethodWorker.invokeTestMethods(TestMethodWorker.java:154)
at org.testng.internal.invokers.TestMethodWorker.run(TestMethodWorker.java:134)
at java.base/java.util.ArrayList.forEach(ArrayList.java:1596)
at org.testng.TestRunner.privateRun(TestRunner.java:739)
at org.testng.TestRunner.run(TestRunner.java:614)
at org.testng.SuiteRunner.runTest(SuiteRunner.java:421)
at org.testng.SuiteRunner.runSequentially(SuiteRunner.java:413)
at org.testng.SuiteRunner.privateRun(SuiteRunner.java:373)
at org.testng.SuiteRunner.run(SuiteRunner.java:312)
at org.testng.SuiteRunnerWorker.runSuite(SuiteRunnerWorker.java:52)
at org.testng.SuiteRunnerWorker.run(SuiteRunnerWorker.java:95)
at org.testng.TestNG.runSuitesSequentially(TestNG.java:1274)
at org.testng.TestNG.runSuitesLocally(TestNG.java:1208)
at org.testng.TestNG.runSuites(TestNG.java:1112)
at org.testng.TestNG.run(TestNG.java:1079)
at org.apache.maven.surefire.testng.TestNGExecutor.run(TestNGExecutor.java:308)
at org.apache.maven.surefire.testng.TestNGXmlTestSuite.execute(TestNGXmlTestSuite.java:71)
at org.apache.maven.surefire.testng.TestNGProvider.invoke(TestNGProvider.java:113)
at org.apache.maven.surefire.booter.ForkedBooter.runSuitesInProcess(ForkedBooter.java:385)
at org.apache.maven.surefire.booter.ForkedBooter.execute(ForkedBooter.java:162)
at org.apache.maven.surefire.booter.ForkedBooter.run(ForkedBooter.java:507)
at org.apache.maven.surefire.booter.ForkedBooter.main(ForkedBooter.java:495)
]]>
            </full-stacktrace>
          </exception> <!-- java.lang.IndexOutOfBoundsException -->
          <reporter-output>
            <line>
              <![CDATA[Browser Luanched successfully]]>
            </line>
            <line>
              <![CDATA[Nebulizer product was searched successfully]]>
            </line>
            <line>
              <![CDATA[Clicking on first result is successful]]>
            </line>
          </reporter-output>
        </test-method> <!-- search -->
        <test-method is-config="true" signature="closeBrowser()[pri:0, instance:package1.MediKartProject.TC_3Searching_WishList@6e171cd7]" started-at="2026-03-25T17:52:11 IST" name="closeBrowser" finished-at="2026-03-25T17:52:11 IST" duration-ms="269" status="PASS">
          <reporter-output>
          </reporter-output>
        </test-method> <!-- closeBrowser -->
      </class> <!-- package1.MediKartProject.TC_3Searching_WishList -->
      <class name="package1.MediKartProject.TC_2AddToCart">
        <test-method is-config="true" signature="browserLaunch(java.lang.String)[pri:0, instance:package1.MediKartProject.TC_2AddToCart@245b4bdc]" started-at="2026-03-25T17:52:27 IST" name="browserLaunch" finished-at="2026-03-25T17:52:45 IST" duration-ms="17561" status="PASS">
          <params>
            <param index="0">
              <value>
                <![CDATA[Chrome]]>
              </value>
            </param>
          </params>
          <reporter-output>
          </reporter-output>
        </test-method> <!-- browserLaunch -->
        <test-method signature="search()[pri:0, instance:package1.MediKartProject.TC_2AddToCart@245b4bdc]" started-at="2026-03-25T17:52:45 IST" name="search" finished-at="2026-03-25T17:53:16 IST" duration-ms="31066" status="PASS">
          <reporter-output>
            <line>
              <![CDATA[Browser Luanched successfully]]>
            </line>
            <line>
              <![CDATA[Nebulizer product was searched successfully]]>
            </line>
            <line>
              <![CDATA[Clicking on first result is successful]]>
            </line>
            <line>
              <![CDATA[Product added to cart is successful]]>
            </line>
            <line>
              <![CDATA[TestCase2 passed with assertion]]>
            </line>
          </reporter-output>
        </test-method> <!-- search -->
        <test-method is-config="true" signature="closeBrowser()[pri:0, instance:package1.MediKartProject.TC_2AddToCart@245b4bdc]" started-at="2026-03-25T17:53:16 IST" name="closeBrowser" finished-at="2026-03-25T17:53:16 IST" duration-ms="258" status="PASS">
          <reporter-output>
          </reporter-output>
        </test-method> <!-- closeBrowser -->
      </class> <!-- package1.MediKartProject.TC_2AddToCart -->
      <class name="package1.MediKartProject.TC_1SearchingOfAProduct">
        <test-method is-config="true" signature="browserLaunch(java.lang.String)[pri:0, instance:package1.MediKartProject.TC_1SearchingOfAProduct@dd8ba08]" started-at="2026-03-25T17:52:11 IST" name="browserLaunch" finished-at="2026-03-25T17:52:24 IST" duration-ms="13262" status="PASS">
          <params>
            <param index="0">
              <value>
                <![CDATA[Chrome]]>
              </value>
            </param>
          </params>
          <reporter-output>
          </reporter-output>
        </test-method> <!-- browserLaunch -->
        <test-method signature="search()[pri:0, instance:package1.MediKartProject.TC_1SearchingOfAProduct@dd8ba08]" started-at="2026-03-25T17:52:24 IST" name="search" finished-at="2026-03-25T17:52:27 IST" duration-ms="2682" status="PASS">
          <reporter-output>
            <line>
              <![CDATA[Browser Luanched successfully]]>
            </line>
            <line>
              <![CDATA[Nebulizer product was searched successfully]]>
            </line>
            <line>
              <![CDATA[TestCase with Assertion passed]]>
            </line>
          </reporter-output>
        </test-method> <!-- search -->
        <test-method is-config="true" signature="closeBrowser()[pri:0, instance:package1.MediKartProject.TC_1SearchingOfAProduct@dd8ba08]" started-at="2026-03-25T17:52:27 IST" name="closeBrowser" finished-at="2026-03-25T17:52:27 IST" duration-ms="261" status="PASS">
          <reporter-output>
          </reporter-output>
        </test-method> <!-- closeBrowser -->
      </class> <!-- package1.MediKartProject.TC_1SearchingOfAProduct -->
      <class name="package1.MediKartProject.TC_5Searching_WishList_Cart_QuantityAddDelete_Proceed">
        <test-method is-config="true" signature="browserLaunch(java.lang.String)[pri:0, instance:package1.MediKartProject.TC_5Searching_WishList_Cart_QuantityAddDelete_Proceed@6c64cb25]" started-at="2026-03-25T17:53:16 IST" name="browserLaunch" finished-at="2026-03-25T17:54:15 IST" duration-ms="58854" status="PASS">
          <params>
            <param index="0">
              <value>
                <![CDATA[Chrome]]>
              </value>
            </param>
          </params>
          <reporter-output>
          </reporter-output>
        </test-method> <!-- browserLaunch -->
        <test-method signature="search()[pri:0, instance:package1.MediKartProject.TC_5Searching_WishList_Cart_QuantityAddDelete_Proceed@6c64cb25]" started-at="2026-03-25T17:54:15 IST" name="search" finished-at="2026-03-25T17:54:53 IST" duration-ms="37478" status="FAIL">
          <exception class="org.openqa.selenium.ElementClickInterceptedException">
            <message>
              <![CDATA[element click intercepted: Element <input type="button" value="-" class="minus btn" aria-label="Decrease quantity"> is not clickable at point (628, 425). Other element would receive the click: <div class="blockUI blockOverlay" style="z-index: 1000; border: none; margin: 0px; padding: 0px; width: 100%; height: 100%; top: 0px; left: 0px; background: rgb(255, 255, 255); opacity: 0.6; cursor: wait; position: absolute;"></div>
  (Session info: chrome=146.0.7680.154)
Build info: version: '4.40.0', revision: 'b3333f1'
System info: os.name: 'Windows 11', os.arch: 'amd64', os.version: '10.0', java.version: '21.0.8'
Driver info: org.openqa.selenium.chrome.ChromeDriver
Command: [6072cfc5e6753afe73cca72f4c18c211, clickElement {id=f.74506CE6FEFE6D8FCD1F50A3BFD8B32F.d.A9202F5B82CE484B0CF121961C35C11B.e.349}]
Capabilities {acceptInsecureCerts: false, browserName: chrome, browserVersion: 146.0.7680.154, chrome: {chromedriverVersion: 146.0.7680.165 (4b989da09e1..., userDataDir: C:\Users\prabh\AppData\Loca...}, fedcm:accounts: true, goog:chromeOptions: {debuggerAddress: localhost:50576}, goog:processID: 19272, networkConnectionEnabled: false, pageLoadStrategy: normal, platformName: windows, proxy: Proxy(), se:cdp: ws://localhost:50576/devtoo..., se:cdpVersion: 146.0.7680.154, setWindowRect: true, strictFileInteractability: false, timeouts: {implicit: 0, pageLoad: 300000, script: 30000}, unhandledPromptBehavior: dismiss and notify, webauthn:extension:credBlob: true, webauthn:extension:largeBlob: true, webauthn:extension:minPinLength: true, webauthn:extension:prf: true, webauthn:virtualAuthenticators: true}
Element: [[ChromeDriver: chrome on windows (6072cfc5e6753afe73cca72f4c18c211)] -> xpath: //div[@class='quantity']/input[@aria-label='Decrease quantity']]
Session ID: 6072cfc5e6753afe73cca72f4c18c211]]>
            </message>
            <full-stacktrace>
              <![CDATA[org.openqa.selenium.ElementClickInterceptedException: element click intercepted: Element <input type="button" value="-" class="minus btn" aria-label="Decrease quantity"> is not clickable at point (628, 425). Other element would receive the click: <div class="blockUI blockOverlay" style="z-index: 1000; border: none; margin: 0px; padding: 0px; width: 100%; height: 100%; top: 0px; left: 0px; background: rgb(255, 255, 255); opacity: 0.6; cursor: wait; position: absolute;"></div>
  (Session info: chrome=146.0.7680.154)
Build info: version: '4.40.0', revision: 'b3333f1'
System info: os.name: 'Windows 11', os.arch: 'amd64', os.version: '10.0', java.version: '21.0.8'
Driver info: org.openqa.selenium.chrome.ChromeDriver
Command: [6072cfc5e6753afe73cca72f4c18c211, clickElement {id=f.74506CE6FEFE6D8FCD1F50A3BFD8B32F.d.A9202F5B82CE484B0CF121961C35C11B.e.349}]
Capabilities {acceptInsecureCerts: false, browserName: chrome, browserVersion: 146.0.7680.154, chrome: {chromedriverVersion: 146.0.7680.165 (4b989da09e1..., userDataDir: C:\Users\prabh\AppData\Loca...}, fedcm:accounts: true, goog:chromeOptions: {debuggerAddress: localhost:50576}, goog:processID: 19272, networkConnectionEnabled: false, pageLoadStrategy: normal, platformName: windows, proxy: Proxy(), se:cdp: ws://localhost:50576/devtoo..., se:cdpVersion: 146.0.7680.154, setWindowRect: true, strictFileInteractability: false, timeouts: {implicit: 0, pageLoad: 300000, script: 30000}, unhandledPromptBehavior: dismiss and notify, webauthn:extension:credBlob: true, webauthn:extension:largeBlob: true, webauthn:extension:minPinLength: true, webauthn:extension:prf: true, webauthn:virtualAuthenticators: true}
Element: [[ChromeDriver: chrome on windows (6072cfc5e6753afe73cca72f4c18c211)] -> xpath: //div[@class='quantity']/input[@aria-label='Decrease quantity']]
Session ID: 6072cfc5e6753afe73cca72f4c18c211
at org.openqa.selenium.remote.ErrorCodec.decode(ErrorCodec.java:169)
at org.openqa.selenium.remote.codec.w3c.W3CHttpResponseCodec.decode(W3CHttpResponseCodec.java:142)
at org.openqa.selenium.remote.codec.w3c.W3CHttpResponseCodec.decode(W3CHttpResponseCodec.java:49)
at org.openqa.selenium.remote.HttpCommandExecutor.execute(HttpCommandExecutor.java:223)
at org.openqa.selenium.remote.service.DriverCommandExecutor.invokeExecute(DriverCommandExecutor.java:216)
at org.openqa.selenium.remote.service.DriverCommandExecutor.execute(DriverCommandExecutor.java:174)
at org.openqa.selenium.remote.RemoteWebDriver.execute(RemoteWebDriver.java:601)
at org.openqa.selenium.remote.RemoteWebElement.execute(RemoteWebElement.java:223)
at org.openqa.selenium.remote.RemoteWebElement.click(RemoteWebElement.java:76)
at java.base/jdk.internal.reflect.DirectMethodHandleAccessor.invoke(DirectMethodHandleAccessor.java:103)
at java.base/java.lang.reflect.Method.invoke(Method.java:580)
at org.openqa.selenium.support.pagefactory.internal.LocatingElementHandler.invoke(LocatingElementHandler.java:51)
at jdk.proxy2/jdk.proxy2.$Proxy12.click(Unknown Source)
at package1.MediKartProject.CartPage.deletingTheQuantityInTheCart(CartPage.java:46)
at package1.MediKartProject.TC_5Searching_WishList_Cart_QuantityAddDelete_Proceed.search(TC_5Searching_WishList_Cart_QuantityAddDelete_Proceed.java:40)
at java.base/jdk.internal.reflect.DirectMethodHandleAccessor.invoke(DirectMethodHandleAccessor.java:103)
at java.base/java.lang.reflect.Method.invoke(Method.java:580)
at org.testng.internal.invokers.MethodInvocationHelper.invokeMethod(MethodInvocationHelper.java:141)
at org.testng.internal.invokers.TestInvoker.invokeMethod(TestInvoker.java:686)
at org.testng.internal.invokers.TestInvoker.invokeTestMethod(TestInvoker.java:230)
at org.testng.internal.invokers.MethodRunner.runInSequence(MethodRunner.java:63)
at org.testng.internal.invokers.TestInvoker$MethodInvocationAgent.invoke(TestInvoker.java:992)
at org.testng.internal.invokers.TestInvoker.invokeTestMethods(TestInvoker.java:203)
at org.testng.internal.invokers.TestMethodWorker.invokeTestMethods(TestMethodWorker.java:154)
at org.testng.internal.invokers.TestMethodWorker.run(TestMethodWorker.java:134)
at java.base/java.util.ArrayList.forEach(ArrayList.java:1596)
at org.testng.TestRunner.privateRun(TestRunner.java:739)
at org.testng.TestRunner.run(TestRunner.java:614)
at org.testng.SuiteRunner.runTest(SuiteRunner.java:421)
at org.testng.SuiteRunner.runSequentially(SuiteRunner.java:413)
at org.testng.SuiteRunner.privateRun(SuiteRunner.java:373)
at org.testng.SuiteRunner.run(SuiteRunner.java:312)
at org.testng.SuiteRunnerWorker.runSuite(SuiteRunnerWorker.java:52)
at org.testng.SuiteRunnerWorker.run(SuiteRunnerWorker.java:95)
at org.testng.TestNG.runSuitesSequentially(TestNG.java:1274)
at org.testng.TestNG.runSuitesLocally(TestNG.java:1208)
at org.testng.TestNG.runSuites(TestNG.java:1112)
at org.testng.TestNG.run(TestNG.java:1079)
at org.apache.maven.surefire.testng.TestNGExecutor.run(TestNGExecutor.java:308)
at org.apache.maven.surefire.testng.TestNGXmlTestSuite.execute(TestNGXmlTestSuite.java:71)
at org.apache.maven.surefire.testng.TestNGProvider.invoke(TestNGProvider.java:113)
at org.apache.maven.surefire.booter.ForkedBooter.runSuitesInProcess(ForkedBooter.java:385)
at org.apache.maven.surefire.booter.ForkedBooter.execute(ForkedBooter.java:162)
at org.apache.maven.surefire.booter.ForkedBooter.run(ForkedBooter.java:507)
at org.apache.maven.surefire.booter.ForkedBooter.main(ForkedBooter.java:495)
]]>
            </full-stacktrace>
          </exception> <!-- org.openqa.selenium.ElementClickInterceptedException -->
          <reporter-output>
            <line>
              <![CDATA[Browser Luanched successfully]]>
            </line>
            <line>
              <![CDATA[Nebulizer product was searched successfully]]>
            </line>
            <line>
              <![CDATA[Clicking on first result is successful]]>
            </line>
            <line>
              <![CDATA[Wishlist click is successful]]>
            </line>
            <line>
              <![CDATA[Wishlist button click is successful and moved to wishlist page]]>
            </line>
            <line>
              <![CDATA[Cart adding is successful]]>
            </line>
            <line>
              <![CDATA[Quantity increase is successful]]>
            </line>
          </reporter-output>
        </test-method> <!-- search -->
        <test-method is-config="true" signature="closeBrowser()[pri:0, instance:package1.MediKartProject.TC_5Searching_WishList_Cart_QuantityAddDelete_Proceed@6c64cb25]" started-at="2026-03-25T17:54:53 IST" name="closeBrowser" finished-at="2026-03-25T17:54:54 IST" duration-ms="362" status="PASS">
          <reporter-output>
          </reporter-output>
        </test-method> <!-- closeBrowser -->
      </class> <!-- package1.MediKartProject.TC_5Searching_WishList_Cart_QuantityAddDelete_Proceed -->
      <class name="package1.MediKartProject.TC_4Searching_WishList_Cart">
        <test-method is-config="true" signature="browserLaunch(java.lang.String)[pri:0, instance:package1.MediKartProject.TC_4Searching_WishList_Cart@6ae5aa72]" started-at="2026-03-25T17:54:54 IST" name="browserLaunch" finished-at="2026-03-25T17:55:11 IST" duration-ms="17462" status="PASS">
          <params>
            <param index="0">
              <value>
                <![CDATA[Chrome]]>
              </value>
            </param>
          </params>
          <reporter-output>
          </reporter-output>
        </test-method> <!-- browserLaunch -->
        <test-method signature="search()[pri:0, instance:package1.MediKartProject.TC_4Searching_WishList_Cart@6ae5aa72]" started-at="2026-03-25T17:55:11 IST" name="search" finished-at="2026-03-25T17:55:20 IST" duration-ms="8844" status="FAIL">
          <exception class="java.lang.IndexOutOfBoundsException">
            <message>
              <![CDATA[Index 1 out of bounds for length 0]]>
            </message>
            <full-stacktrace>
              <![CDATA[java.lang.IndexOutOfBoundsException: Index 1 out of bounds for length 0
at java.base/jdk.internal.util.Preconditions.outOfBounds(Preconditions.java:100)
at java.base/jdk.internal.util.Preconditions.outOfBoundsCheckIndex(Preconditions.java:106)
at java.base/jdk.internal.util.Preconditions.checkIndex(Preconditions.java:302)
at java.base/java.util.Objects.checkIndex(Objects.java:385)
at java.base/java.util.ArrayList.get(ArrayList.java:427)
at java.base/jdk.internal.reflect.DirectMethodHandleAccessor.invoke(DirectMethodHandleAccessor.java:103)
at java.base/java.lang.reflect.Method.invoke(Method.java:580)
at org.openqa.selenium.support.pagefactory.internal.LocatingElementListHandler.invoke(LocatingElementListHandler.java:39)
at jdk.proxy2/jdk.proxy2.$Proxy13.get(Unknown Source)
at package1.MediKartProject.SearchResultPage.wishListIconsClick(SearchResultPage.java:40)
at package1.MediKartProject.TC_4Searching_WishList_Cart.search(TC_4Searching_WishList_Cart.java:25)
at java.base/jdk.internal.reflect.DirectMethodHandleAccessor.invoke(DirectMethodHandleAccessor.java:103)
at java.base/java.lang.reflect.Method.invoke(Method.java:580)
at org.testng.internal.invokers.MethodInvocationHelper.invokeMethod(MethodInvocationHelper.java:141)
at org.testng.internal.invokers.TestInvoker.invokeMethod(TestInvoker.java:686)
at org.testng.internal.invokers.TestInvoker.invokeTestMethod(TestInvoker.java:230)
at org.testng.internal.invokers.MethodRunner.runInSequence(MethodRunner.java:63)
at org.testng.internal.invokers.TestInvoker$MethodInvocationAgent.invoke(TestInvoker.java:992)
at org.testng.internal.invokers.TestInvoker.invokeTestMethods(TestInvoker.java:203)
at org.testng.internal.invokers.TestMethodWorker.invokeTestMethods(TestMethodWorker.java:154)
at org.testng.internal.invokers.TestMethodWorker.run(TestMethodWorker.java:134)
at java.base/java.util.ArrayList.forEach(ArrayList.java:1596)
at org.testng.TestRunner.privateRun(TestRunner.java:739)
at org.testng.TestRunner.run(TestRunner.java:614)
at org.testng.SuiteRunner.runTest(SuiteRunner.java:421)
at org.testng.SuiteRunner.runSequentially(SuiteRunner.java:413)
at org.testng.SuiteRunner.privateRun(SuiteRunner.java:373)
at org.testng.SuiteRunner.run(SuiteRunner.java:312)
at org.testng.SuiteRunnerWorker.runSuite(SuiteRunnerWorker.java:52)
at org.testng.SuiteRunnerWorker.run(SuiteRunnerWorker.java:95)
at org.testng.TestNG.runSuitesSequentially(TestNG.java:1274)
at org.testng.TestNG.runSuitesLocally(TestNG.java:1208)
at org.testng.TestNG.runSuites(TestNG.java:1112)
at org.testng.TestNG.run(TestNG.java:1079)
at org.apache.maven.surefire.testng.TestNGExecutor.run(TestNGExecutor.java:308)
at org.apache.maven.surefire.testng.TestNGXmlTestSuite.execute(TestNGXmlTestSuite.java:71)
at org.apache.maven.surefire.testng.TestNGProvider.invoke(TestNGProvider.java:113)
at org.apache.maven.surefire.booter.ForkedBooter.runSuitesInProcess(ForkedBooter.java:385)
at org.apache.maven.surefire.booter.ForkedBooter.execute(ForkedBooter.java:162)
at org.apache.maven.surefire.booter.ForkedBooter.run(ForkedBooter.java:507)
at org.apache.maven.surefire.booter.ForkedBooter.main(ForkedBooter.java:495)
]]>
            </full-stacktrace>
          </exception> <!-- java.lang.IndexOutOfBoundsException -->
          <reporter-output>
            <line>
              <![CDATA[Browser Luanched successfully]]>
            </line>
            <line>
              <![CDATA[Nebulizer product was searched successfully]]>
            </line>
            <line>
              <![CDATA[Clicking on first result is successful]]>
            </line>
          </reporter-output>
        </test-method> <!-- search -->
        <test-method is-config="true" signature="closeBrowser()[pri:0, instance:package1.MediKartProject.TC_4Searching_WishList_Cart@6ae5aa72]" started-at="2026-03-25T17:55:20 IST" name="closeBrowser" finished-at="2026-03-25T17:55:21 IST" duration-ms="276" status="PASS">
          <reporter-output>
          </reporter-output>
        </test-method> <!-- closeBrowser -->
      </class> <!-- package1.MediKartProject.TC_4Searching_WishList_Cart -->
    </test> <!-- Test -->
  </suite> <!-- Suite -->
</testng-results>
