<?xml version="1.0" encoding="UTF-8"?>
<testng-results ignored="0" total="1" passed="1" failed="0" skipped="0">
  <reporter-output>
    <line>
      <![CDATA[Browser Luanched successfully]]>
    </line>
    <line>
      <![CDATA[Nebulizer product was searched successfully]]>
    </line>
    <line>
      <![CDATA[TestCase with Assertion passed]]>
    </line>
  </reporter-output>
  <suite started-at="2026-03-25T17:43:38 IST" name="Suite" finished-at="2026-03-25T17:43:51 IST" duration-ms="12719">
    <groups>
    </groups>
    <test started-at="2026-03-25T17:43:38 IST" name="Test" finished-at="2026-03-25T17:43:51 IST" duration-ms="12719">
      <class name="package1.MediKartProject.TC_1SearchingOfAProduct">
        <test-method is-config="true" signature="browserLaunch(java.lang.String)[pri:0, instance:package1.MediKartProject.TC_1SearchingOfAProduct@235834f2]" started-at="2026-03-25T17:43:38 IST" name="browserLaunch" finished-at="2026-03-25T17:43:46 IST" duration-ms="8198" status="PASS">
          <params>
            <param index="0">
              <value>
                <![CDATA[Chrome]]>
              </value>
            </param>
          </params>
          <reporter-output>
          </reporter-output>
        </test-method> <!-- browserLaunch -->
        <test-method signature="search()[pri:0, instance:package1.MediKartProject.TC_1SearchingOfAProduct@235834f2]" started-at="2026-03-25T17:43:46 IST" name="search" finished-at="2026-03-25T17:43:50 IST" duration-ms="3888" status="PASS">
          <reporter-output>
            <line>
              <![CDATA[Browser Luanched successfully]]>
            </line>
            <line>
              <![CDATA[Nebulizer product was searched successfully]]>
            </line>
            <line>
              <![CDATA[TestCase with Assertion passed]]>
            </line>
          </reporter-output>
        </test-method> <!-- search -->
        <test-method is-config="true" signature="closeBrowser()[pri:0, instance:package1.MediKartProject.TC_1SearchingOfAProduct@235834f2]" started-at="2026-03-25T17:43:50 IST" name="closeBrowser" finished-at="2026-03-25T17:43:51 IST" duration-ms="320" status="PASS">
          <reporter-output>
          </reporter-output>
        </test-method> <!-- closeBrowser -->
      </class> <!-- package1.MediKartProject.TC_1SearchingOfAProduct -->
    </test> <!-- Test -->
  </suite> <!-- Suite -->
</testng-results>
