<?xml version="1.0" encoding="UTF-8"?>
<!-- Generated by org.testng.reporters.JUnitReportReporter -->
<testsuite hostname="LAPTOP-EPKLMB8O" failures="0" tests="3" name="package1.MediKartProject.TC_3Searching_WishList" time="54.305" errors="1" timestamp="2026-03-25T17:10:14 IST" skipped="2">
  <testcase classname="package1.MediKartProject.TC_3Searching_WishList" name="search" time="7.898">
    <error message="Move target (132, 1136) is out of bounds of viewport dimensions (1280, 587)
Build info: version: &#039;4.40.0&#039;, revision: &#039;b3333f1&#039;
System info: os.name: &#039;Windows 11&#039;, os.arch: &#039;amd64&#039;, os.version: &#039;10.0&#039;, java.version: &#039;21.0.8&#039;
Driver info: org.openqa.selenium.firefox.FirefoxDriver
Command: [f88f7aff-c0ae-4c6b-8f77-c16d1155624b, actions {actions=[org.openqa.selenium.interactions.Sequence@5b5c0057]}]
Capabilities {acceptInsecureCerts: true, browserName: firefox, browserVersion: 149.0, moz:accessibilityChecks: false, moz:buildID: 20260318190823, moz:geckodriverVersion: 0.36.0, moz:headless: false, moz:platformVersion: 10.0, moz:processID: 36760, moz:profile: C:\Users\prabh\AppData\Loca..., moz:shutdownTimeout: 60000, moz:webdriverClick: true, moz:windowless: false, pageLoadStrategy: normal, platformName: windows, proxy: Proxy(), setWindowRect: true, strictFileInteractability: false, timeouts: {implicit: 0, pageLoad: 300000, script: 30000}, unhandledPromptBehavior: dismiss and notify, userAgent: Mozilla/5.0 (Windows NT 10....}
Session ID: f88f7aff-c0ae-4c6b-8f77-c16d1155624b" type="org.openqa.selenium.interactions.MoveTargetOutOfBoundsException">
      <![CDATA[org.openqa.selenium.interactions.MoveTargetOutOfBoundsException: Move target (132, 1136) is out of bounds of viewport dimensions (1280, 587)
Build info: version: '4.40.0', revision: 'b3333f1'
System info: os.name: 'Windows 11', os.arch: 'amd64', os.version: '10.0', java.version: '21.0.8'
Driver info: org.openqa.selenium.firefox.FirefoxDriver
Command: [f88f7aff-c0ae-4c6b-8f77-c16d1155624b, actions {actions=[org.openqa.selenium.interactions.Sequence@5b5c0057]}]
Capabilities {acceptInsecureCerts: true, browserName: firefox, browserVersion: 149.0, moz:accessibilityChecks: false, moz:buildID: 20260318190823, moz:geckodriverVersion: 0.36.0, moz:headless: false, moz:platformVersion: 10.0, moz:processID: 36760, moz:profile: C:\Users\prabh\AppData\Loca..., moz:shutdownTimeout: 60000, moz:webdriverClick: true, moz:windowless: false, pageLoadStrategy: normal, platformName: windows, proxy: Proxy(), setWindowRect: true, strictFileInteractability: false, timeouts: {implicit: 0, pageLoad: 300000, script: 30000}, unhandledPromptBehavior: dismiss and notify, userAgent: Mozilla/5.0 (Windows NT 10....}
Session ID: f88f7aff-c0ae-4c6b-8f77-c16d1155624b
at org.openqa.selenium.remote.ErrorCodec.decode(ErrorCodec.java:169)
at org.openqa.selenium.remote.codec.w3c.W3CHttpResponseCodec.decode(W3CHttpResponseCodec.java:142)
at org.openqa.selenium.remote.codec.w3c.W3CHttpResponseCodec.decode(W3CHttpResponseCodec.java:49)
at org.openqa.selenium.remote.HttpCommandExecutor.execute(HttpCommandExecutor.java:223)
at org.openqa.selenium.remote.service.DriverCommandExecutor.invokeExecute(DriverCommandExecutor.java:216)
at org.openqa.selenium.remote.service.DriverCommandExecutor.execute(DriverCommandExecutor.java:174)
at org.openqa.selenium.remote.RemoteWebDriver.execute(RemoteWebDriver.java:601)
at org.openqa.selenium.remote.RemoteWebDriver.perform(RemoteWebDriver.java:691)
at org.openqa.selenium.interactions.Actions$BuiltAction.perform(Actions.java:616)
at org.openqa.selenium.interactions.Actions.perform(Actions.java:581)
at package1.MediKartProject.SearchResultPage.clickingTheFirstProduct(SearchResultPage.java:34)
at package1.MediKartProject.TC_3Searching_WishList.search(TC_3Searching_WishList.java:26)
at java.base/jdk.internal.reflect.DirectMethodHandleAccessor.invoke(DirectMethodHandleAccessor.java:103)
at java.base/java.lang.reflect.Method.invoke(Method.java:580)
at org.testng.internal.invokers.MethodInvocationHelper.invokeMethod(MethodInvocationHelper.java:141)
at org.testng.internal.invokers.TestInvoker.invokeMethod(TestInvoker.java:686)
at org.testng.internal.invokers.TestInvoker.retryFailed(TestInvoker.java:269)
at org.testng.internal.invokers.MethodRunner.runInSequence(MethodRunner.java:76)
at org.testng.internal.invokers.TestInvoker$MethodInvocationAgent.invoke(TestInvoker.java:992)
at org.testng.internal.invokers.TestInvoker.invokeTestMethods(TestInvoker.java:203)
at org.testng.internal.invokers.TestMethodWorker.invokeTestMethods(TestMethodWorker.java:154)
at org.testng.internal.invokers.TestMethodWorker.run(TestMethodWorker.java:134)
at java.base/java.util.ArrayList.forEach(ArrayList.java:1596)
at org.testng.TestRunner.privateRun(TestRunner.java:739)
at org.testng.TestRunner.run(TestRunner.java:614)
at org.testng.SuiteRunner.runTest(SuiteRunner.java:421)
at org.testng.SuiteRunner.runSequentially(SuiteRunner.java:413)
at org.testng.SuiteRunner.privateRun(SuiteRunner.java:373)
at org.testng.SuiteRunner.run(SuiteRunner.java:312)
at org.testng.SuiteRunnerWorker.runSuite(SuiteRunnerWorker.java:52)
at org.testng.SuiteRunnerWorker.run(SuiteRunnerWorker.java:95)
at org.testng.TestNG.runSuitesSequentially(TestNG.java:1274)
at org.testng.TestNG.runSuitesLocally(TestNG.java:1208)
at org.testng.TestNG.runSuites(TestNG.java:1112)
at org.testng.TestNG.run(TestNG.java:1079)
at org.testng.remote.AbstractRemoteTestNG.run(AbstractRemoteTestNG.java:115)
at org.testng.remote.RemoteTestNG.initAndRun(RemoteTestNG.java:293)
at org.testng.remote.RemoteTestNG.main(RemoteTestNG.java:91)
]]>
    </error>
    <system-out>
      <![CDATA[Browser Luanched successfully
Nebulizer product was searched successfully]]>
    </system-out>
  </testcase> <!-- search -->
  <testcase classname="package1.MediKartProject.TC_3Searching_WishList" name="search" time="36.268">
    <skipped/>
    <system-out>
      <![CDATA[Browser Luanched successfully
Nebulizer product was searched successfully]]>
    </system-out>
  </testcase> <!-- search -->
  <testcase classname="package1.MediKartProject.TC_3Searching_WishList" name="search" time="10.139">
    <skipped/>
    <system-out>
      <![CDATA[Browser Luanched successfully
Nebulizer product was searched successfully]]>
    </system-out>
  </testcase> <!-- search -->
  <system-out>
    <![CDATA[Browser Luanched successfully
Nebulizer product was searched successfully
Browser Luanched successfully
Nebulizer product was searched successfully
Browser Luanched successfully
Nebulizer product was searched successfully
Browser Luanched successfully
Nebulizer product was searched successfully
Browser Luanched successfully
Nebulizer product was searched successfully
Browser Luanched successfully
Nebulizer product was searched successfully
Browser Luanched successfully
Nebulizer product was searched successfully
Browser Luanched successfully
Nebulizer product was searched successfully
Browser Luanched successfully
Nebulizer product was searched successfully
Browser Luanched successfully
Nebulizer product was searched successfully
Browser Luanched successfully
Nebulizer product was searched successfully
Browser Luanched successfully
Nebulizer product was searched successfully
Browser Luanched successfully
Nebulizer product was searched successfully
Browser Luanched successfully
Nebulizer product was searched successfully
Browser Luanched successfully
Nebulizer product was searched successfully]]>
  </system-out>
</testsuite> <!-- package1.MediKartProject.TC_3Searching_WishList -->
