<?xml version="1.0" encoding="UTF-8"?>
<!-- Generated by org.testng.reporters.JUnitReportReporter -->
<testsuite hostname="LAPTOP-EPKLMB8O" failures="0" tests="1" name="package1.MediKartProject.TC_2AddToCart" time="16.080" errors="0" timestamp="2026-03-24T18:10:07 IST" skipped="0">
  <testcase classname="package1.MediKartProject.TC_2AddToCart" name="search" time="16.080">
    <system-out>
      <![CDATA[Browser Luanched successfully
Nebulizer product was searched successfully
Clicking on first result is successful
Product added to cart is successful
TestCase2 passed with assertion]]>
    </system-out>
  </testcase> <!-- search -->
  <system-out>
    <![CDATA[Browser Luanched successfully
Nebulizer product was searched successfully
Clicking on first result is successful
Product added to cart is successful
TestCase2 passed with assertion]]>
  </system-out>
</testsuite> <!-- package1.MediKartProject.TC_2AddToCart -->
