<?xml version="1.0" encoding="UTF-8"?>
<!-- Generated by org.testng.reporters.JUnitReportReporter -->
<testsuite hostname="LAPTOP-EPKLMB8O" failures="0" tests="1" name="package1.MediKartProject.TC_1SearchingOfAProduct" time="12.406" errors="0" timestamp="2026-03-25T17:43:51 IST" skipped="0">
  <testcase classname="package1.MediKartProject.TC_1SearchingOfAProduct" name="search" time="12.406">
    <system-out>
      <![CDATA[Browser Luanched successfully
Nebulizer product was searched successfully
TestCase with Assertion passed]]>
    </system-out>
  </testcase> <!-- search -->
  <system-out>
    <![CDATA[Browser Luanched successfully
Nebulizer product was searched successfully
TestCase with Assertion passed]]>
  </system-out>
</testsuite> <!-- package1.MediKartProject.TC_1SearchingOfAProduct -->
