<?xml version="1.0" encoding="UTF-8"?>
<!-- Generated by org.testng.reporters.JUnitReportReporter -->
<testsuite hostname="LAPTOP-EPKLMB8O" failures="0" tests="1" name="package1.MediKartProject.TC_3SearchingOfAProduct" time="9.883" errors="0" timestamp="2026-03-24T15:34:36 IST" skipped="0">
  <testcase classname="package1.MediKartProject.TC_3SearchingOfAProduct" name="search" time="9.883">
    <system-out>
      <![CDATA[Browser Luanched successfully]]>
    </system-out>
  </testcase> <!-- search -->
  <system-out>
    <![CDATA[Browser Luanched successfully]]>
  </system-out>
</testsuite> <!-- package1.MediKartProject.TC_3SearchingOfAProduct -->
