<?xml version="1.0" encoding="UTF-8"?>
<!-- Generated by org.testng.reporters.JUnitReportReporter -->
<testsuite hostname="LAPTOP-EPKLMB8O" failures="0" tests="1" name="package1.MediKartProject.TC_3Searching_WishList" time="21.890" errors="0" timestamp="2026-03-24T20:59:03 IST" skipped="0">
  <testcase classname="package1.MediKartProject.TC_3Searching_WishList" name="search" time="21.890">
    <system-out>
      <![CDATA[Browser Luanched successfully
Nebulizer product was searched successfully
Clicking on first result is successful
Wishlist click is successful
Wishlist button click is successful and moved to wishlist page
TestCase with Assertion is pass]]>
    </system-out>
  </testcase> <!-- search -->
  <system-out>
    <![CDATA[Browser Luanched successfully
Nebulizer product was searched successfully
Clicking on first result is successful
Wishlist click is successful
Wishlist button click is successful and moved to wishlist page
TestCase with Assertion is pass]]>
  </system-out>
</testsuite> <!-- package1.MediKartProject.TC_3Searching_WishList -->
