<?xml version="1.0" encoding="UTF-8"?>
<!-- Generated by org.testng.reporters.JUnitReportReporter -->
<testsuite hostname="LAPTOP-EPKLMB8O" failures="0" tests="2" name="package1.MediKartProject.TC_4Searching_WishList_Cart" time="94.387" errors="0" timestamp="2026-03-24T21:39:57 IST" skipped="1">
  <testcase classname="package1.MediKartProject.TC_4Searching_WishList_Cart" name="search" time="49.040">
    <system-out>
      <![CDATA[Browser Luanched successfully
Nebulizer product was searched successfully
Clicking on first result is successful
Wishlist click is successful
Wishlist button click is successful and moved to wishlist page
Cart adding is successful
TestCase4 passed with assertion]]>
    </system-out>
  </testcase> <!-- search -->
  <testcase classname="package1.MediKartProject.TC_4Searching_WishList_Cart" name="search" time="45.347">
    <skipped/>
    <system-out>
      <![CDATA[Browser Luanched successfully
Nebulizer product was searched successfully
Clicking on first result is successful
Wishlist click is successful
Wishlist button click is successful and moved to wishlist page]]>
    </system-out>
  </testcase> <!-- search -->
  <system-out>
    <![CDATA[Browser Luanched successfully
Nebulizer product was searched successfully
Clicking on first result is successful
Wishlist click is successful
Wishlist button click is successful and moved to wishlist page
Browser Luanched successfully
Nebulizer product was searched successfully
Clicking on first result is successful
Wishlist click is successful
Wishlist button click is successful and moved to wishlist page
Cart adding is successful
TestCase4 passed with assertion]]>
  </system-out>
</testsuite> <!-- package1.MediKartProject.TC_4Searching_WishList_Cart -->
