<?xml version="1.0" encoding="UTF-8"?>
<!-- Generated by org.testng.reporters.JUnitReportReporter -->
<testsuite hostname="LAPTOP-EPKLMB8O" failures="0" tests="1" name="package1.MediKartProject.TC_4AddToCart" time="11.413" errors="0" timestamp="2026-03-24T17:06:17 IST" skipped="0">
  <testcase classname="package1.MediKartProject.TC_4AddToCart" name="search" time="11.413">
    <system-out>
      <![CDATA[Browser Luanched successfully
Nebulizer product was searched successfully
Clicking on first result is successful
Product added to cart is successful
Quantity increase is successful]]>
    </system-out>
  </testcase> <!-- search -->
  <system-out>
    <![CDATA[Browser Luanched successfully
Nebulizer product was searched successfully
Clicking on first result is successful
Product added to cart is successful
Quantity increase is successful]]>
  </system-out>
</testsuite> <!-- package1.MediKartProject.TC_4AddToCart -->
