<?xml version="1.0" encoding="UTF-8"?>
<!-- Generated by org.testng.reporters.JUnitReportReporter -->
<testsuite hostname="LAPTOP-EPKLMB8O" failures="0" tests="1" name="package1.MediKartProject.TC_2AddToCart" time="48.885" errors="0" timestamp="2026-03-25T17:55:21 IST" skipped="0">
  <testcase classname="package1.MediKartProject.TC_2AddToCart" name="search" time="48.885">
    <system-out>
      <![CDATA[Browser Luanched successfully
Nebulizer product was searched successfully
Clicking on first result is successful
Product added to cart is successful
TestCase2 passed with assertion]]>
    </system-out>
  </testcase> <!-- search -->
  <system-out>
    <![CDATA[Browser Luanched successfully
Nebulizer product was searched successfully
Clicking on first result is successful
Browser Luanched successfully
Nebulizer product was searched successfully
TestCase with Assertion passed
Browser Luanched successfully
Nebulizer product was searched successfully
Clicking on first result is successful
Product added to cart is successful
TestCase2 passed with assertion
Browser Luanched successfully
Nebulizer product was searched successfully
Clicking on first result is successful
Wishlist click is successful
Wishlist button click is successful and moved to wishlist page
Cart adding is successful
Quantity increase is successful
Browser Luanched successfully
Nebulizer product was searched successfully
Clicking on first result is successful]]>
  </system-out>
</testsuite> <!-- package1.MediKartProject.TC_2AddToCart -->
