<?xml version="1.0" encoding="UTF-8"?>
<!-- Generated by org.testng.reporters.JUnitReportReporter -->
<testsuite hostname="LAPTOP-EPKLMB8O" failures="0" tests="1" name="package1.MediKartProject.TC_3SearchingOfAProduct" time="10.822" errors="0" timestamp="2026-03-24T15:36:48 IST" skipped="0">
  <testcase classname="package1.MediKartProject.TC_3SearchingOfAProduct" name="search" time="10.822">
    <system-out>
      <![CDATA[Browser Luanched successfully
Nebulizer product was searched successfully]]>
    </system-out>
  </testcase> <!-- search -->
  <system-out>
    <![CDATA[Browser Luanched successfully
Nebulizer product was searched successfully]]>
  </system-out>
</testsuite> <!-- package1.MediKartProject.TC_3SearchingOfAProduct -->
