<?xml version="1.0" encoding="UTF-8"?>
<!-- Generated by org.testng.reporters.JUnitReportReporter -->
<testsuite hostname="LAPTOP-EPKLMB8O" failures="0" tests="3" name="package1.MediKartProject.TC_5Searching_WishList_Cart" time="52.212" errors="0" timestamp="2026-03-24T17:35:50 IST" skipped="2">
  <testcase classname="package1.MediKartProject.TC_5Searching_WishList_Cart" name="search" time="20.997">
    <system-out>
      <![CDATA[Browser Luanched successfully
Nebulizer product was searched successfully
Clicking on first result is successful
Wishlist click is successful
Wishlist button click is successful and moved to wishlist page
Cart adding is successful
Quantity increase is successful
Quantity decrease is successful
Proceed To checkout button click is successful]]>
    </system-out>
  </testcase> <!-- search -->
  <testcase classname="package1.MediKartProject.TC_5Searching_WishList_Cart" name="search" time="11.465">
    <skipped/>
    <system-out>
      <![CDATA[Browser Luanched successfully
Nebulizer product was searched successfully
Clicking on first result is successful
Wishlist click is successful]]>
    </system-out>
  </testcase> <!-- search -->
  <testcase classname="package1.MediKartProject.TC_5Searching_WishList_Cart" name="search" time="19.750">
    <skipped/>
    <system-out>
      <![CDATA[Browser Luanched successfully
Nebulizer product was searched successfully
Clicking on first result is successful
Wishlist click is successful
Wishlist button click is successful and moved to wishlist page]]>
    </system-out>
  </testcase> <!-- search -->
  <system-out>
    <![CDATA[Browser Luanched successfully
Nebulizer product was searched successfully
Clicking on first result is successful
Wishlist click is successful
Browser Luanched successfully
Nebulizer product was searched successfully
Clicking on first result is successful
Wishlist click is successful
Wishlist button click is successful and moved to wishlist page
Browser Luanched successfully
Nebulizer product was searched successfully
Clicking on first result is successful
Wishlist click is successful
Wishlist button click is successful and moved to wishlist page
Cart adding is successful
Quantity increase is successful
Quantity decrease is successful
Proceed To checkout button click is successful]]>
  </system-out>
</testsuite> <!-- package1.MediKartProject.TC_5Searching_WishList_Cart -->
